Arguments: 
  /Users/merul/.nvm/versions/node/v20.2.0/bin/node /Users/merul/.nvm/versions/node/v20.2.0/bin/yarn add tweetnacl tweetnacl-util

PATH: 
  /Users/merul/opt/anaconda3/bin:/Users/merul/.nvm/versions/node/v20.2.0/bin:/usr/local/lib/ruby/gems/2.7.0/bin:/opt/homebrew/lib/ruby/gems/2.7.0/bin:/opt/homebrew/bin:/opt/homebrew/sbin:/Users/merul/.yarn/bin:/usr/local/bin:/usr/bin:/bin:/usr/sbin:/sbin:/etc/platform-tools:/Users/merul/.cargo/bin:/Users/merul/Library/Python/3.9/bin:/Library/Apple/usr/bin:/Library/Frameworks/Mono.framework/Versions/Current/Commands:/Users/merul/opt/anaconda3/bin:/Users/merul/.nvm/versions/node/v20.2.0/bin:/usr/local/lib/ruby/gems/2.7.0/bin:/opt/homebrew/lib/ruby/gems/2.7.0/bin:/opt/homebrew/bin:/opt/homebrew/sbin:/Users/merul/Library/Android/sdk/emulator:/Users/merul/Library/Android/sdk/tools:/Users/merul/Library/Android/sdk/tools/bin:/Users/merul/Library/Android/sdk/platform-tools:/Users/merul/.Go/bin:/usr/local/opt/go/libexec/bin:/Users/merul/Library/Application Support/JetBrains/Toolbox/scripts:/Users/merul/Library/Android/sdk/emulator:/Users/merul/Library/Android/sdk/tools:/Users/merul/Library/Android/sdk/tools/bin:/Users/merul/Library/Android/sdk/platform-tools:/Users/merul/.Go/bin:/usr/local/opt/go/libexec/bin:/Users/merul/Library/Application Support/JetBrains/Toolbox/scripts

Yarn version: 
  1.22.19

Node version: 
  20.2.0

Platform: 
  darwin arm64

Trace: 
  Error [ERR_SOCKET_CONNECTION_TIMEOUT]: Socket connection timeout
      at new NodeError (node:internal/errors:399:5)
      at internalConnectMultiple (node:net:1099:20)
      at Timeout.internalConnectMultipleTimeout (node:net:1638:3)
      at listOnTimeout (node:internal/timers:575:11)
      at process.processTimers (node:internal/timers:514:7)

npm manifest: 
  {
    "name": "key-identity-adapter",
    "version": "0.1.0",
    "description": "did:key adapter",
    "main": "index.js",
    "repository": "https://github.com/tangle-labs/key-identity-adapter",
    "author": "Coodos <info@coodos.co>",
    "license": "MIT",
    "dependencies": {
      "@digitalbazaar/did-method-key": "^5.1.0",
      "@tanglelabs/ssimon": "^0.5.1"
    },
    "devDependencies": {
      "@types/node": "^20.5.7"
    }
  }

yarn manifest: 
  No manifest

Lockfile: 
  # THIS IS AN AUTOGENERATED FILE. DO NOT EDIT THIS FILE DIRECTLY.
  # yarn lockfile v1
  
  
  "@digitalbazaar/did-io@^2.0.0":
    version "2.0.0"
    resolved "https://registry.yarnpkg.com/@digitalbazaar/did-io/-/did-io-2.0.0.tgz#a6945be43ccb2e46218d811ba5e630e5df7dd86a"
    integrity sha512-6dG0nOytVN1ntCbf9ffB/BLSQszfDEEBbemMu8l1/yn8fOLMKABNu13/yfp8tPtqSowz3P0SWt6YNcYLf49sAw==
    dependencies:
      "@digitalbazaar/lru-memoize" "^3.0.0"
  
  "@digitalbazaar/did-method-key@^5.1.0":
    version "5.1.0"
    resolved "https://registry.yarnpkg.com/@digitalbazaar/did-method-key/-/did-method-key-5.1.0.tgz#57f1c175b41ae99ca3d5e2fbd31484c29471d44a"
    integrity sha512-y9xOvk6ZCp0umf6RqfYJ0uwDdTeKt6+ntJnjWBnH0RbaTz0kAu7C7/3SfVhzPDybWwbw3NHEZ7c1AEDnBL7ksQ==
    dependencies:
      "@digitalbazaar/did-io" "^2.0.0"
      "@digitalbazaar/x25519-key-agreement-key-2019" "^6.0.0"
      "@digitalbazaar/x25519-key-agreement-key-2020" "^3.0.0"
  
  "@digitalbazaar/lru-memoize@^3.0.0":
    version "3.0.2"
    resolved "https://registry.yarnpkg.com/@digitalbazaar/lru-memoize/-/lru-memoize-3.0.2.tgz#7db5a8416e62c3788a7834c827af39df9055c23e"
    integrity sha512-O7fv5GnFY/XZggJ3bQuce1E4LcFxrexSJmubto8v3YABaIuP5McQFAxn3m9oV6BHRQXa/wURItpvY/g5X3kwVw==
    dependencies:
      lru-cache "^6.0.0"
  
  "@digitalbazaar/x25519-key-agreement-key-2019@^6.0.0":
    version "6.0.0"
    resolved "https://registry.yarnpkg.com/@digitalbazaar/x25519-key-agreement-key-2019/-/x25519-key-agreement-key-2019-6.0.0.tgz#f9f021c7e518633c6e79fa13777d98bbfe1fc5b4"
    integrity sha512-3EV/x7/Sa5mOAuPf0Z0Fi+BsIQKR5Qi2u/KNUgMc1fHx9jQZWjF3//1hvSDDrKV+FKfhAg10S7EcgU04f5tjog==
    dependencies:
      "@noble/ed25519" "^1.6.0"
      base58-universal "^2.0.0"
      crypto-ld "^7.0.0"
      ed2curve "^0.3.0"
      tweetnacl "^1.0.3"
  
  "@digitalbazaar/x25519-key-agreement-key-2020@^3.0.0":
    version "3.0.1"
    resolved "https://registry.yarnpkg.com/@digitalbazaar/x25519-key-agreement-key-2020/-/x25519-key-agreement-key-2020-3.0.1.tgz#fff3be5d2a35cf0b1ebeb918c061a8b58c231ef4"
    integrity sha512-GmpPEc3ZD/7fz3St38ELa8qgJzjfTxCJi7cwAYPAcZ8Iynldj8sSf2hIblYjjlB82pIENhyXLQHcIALluGcrqA==
    dependencies:
      "@noble/ed25519" "^1.6.0"
      base58-universal "^2.0.0"
      crypto-ld "^7.0.0"
      tweetnacl "^1.0.3"
  
  "@noble/ed25519@^1.6.0":
    version "1.7.3"
    resolved "https://registry.yarnpkg.com/@noble/ed25519/-/ed25519-1.7.3.tgz#57e1677bf6885354b466c38e2b620c62f45a7123"
    integrity sha512-iR8GBkDt0Q3GyaVcIu7mSsVIqnFbkbRzGLWlvhwunacoLwt4J3swfKhfaM6rN6WY+TBGoYT1GtT1mIh2/jGbRQ==
  
  "@tanglelabs/ssimon@^0.5.1":
    version "0.5.1"
    resolved "https://registry.yarnpkg.com/@tanglelabs/ssimon/-/ssimon-0.5.1.tgz#79c7c2b2250d7c07627466f60947fb60549e6995"
    integrity sha512-oge9UVdY3iV41c5fdGVdeoIlz1whDDZCf1ymbKrLL031zbo00dc8bC/8zVH7LZWsWmHhx8CSfKmuZ6pTjcE6yQ==
    dependencies:
      crypto-js "^4.1.1"
  
  "@types/node@^20.5.7":
    version "20.5.7"
    resolved "https://registry.yarnpkg.com/@types/node/-/node-20.5.7.tgz#4b8ecac87fbefbc92f431d09c30e176fc0a7c377"
    integrity sha512-dP7f3LdZIysZnmvP3ANJYTSwg+wLLl8p7RqniVlV7j+oXSXAbt9h0WIBFmJy5inWZoX9wZN6eXx+YXd9Rh3RBA==
  
  base58-universal@^2.0.0:
    version "2.0.0"
    resolved "https://registry.yarnpkg.com/base58-universal/-/base58-universal-2.0.0.tgz#243c8256591afa7d5210f87ad1655e05081f4be4"
    integrity sha512-BgkgF8zVLOAygszG4W8NkLm7iXrw80VYAOcedrzANrIhS14+4W6zVqjyGTFUBM/FpqkHUt8aAYd4DbBBfn3zKg==
  
  crypto-js@^4.1.1:
    version "4.1.1"
    resolved "https://registry.yarnpkg.com/crypto-js/-/crypto-js-4.1.1.tgz#9e485bcf03521041bd85844786b83fb7619736cf"
    integrity sha512-o2JlM7ydqd3Qk9CA0L4NL6mTzU2sdx96a+oOfPu8Mkl/PK51vSyoi8/rQ8NknZtk44vq15lmhAj9CIAGwgeWKw==
  
  crypto-ld@^7.0.0:
    version "7.0.0"
    resolved "https://registry.yarnpkg.com/crypto-ld/-/crypto-ld-7.0.0.tgz#ad593cce31da84e60bd14fd2b25221f97e8a3b74"
    integrity sha512-RrXy6aB0TOhSiqsgavTQt1G8mKomKIaNLb2JZxj7A/Vi0EwmXguuBQoeiAvePfK6bDR3uQbqYnaLLs4irTWwgw==
  
  ed2curve@^0.3.0:
    version "0.3.0"
    resolved "https://registry.yarnpkg.com/ed2curve/-/ed2curve-0.3.0.tgz#322b575152a45305429d546b071823a93129a05d"
    integrity sha512-8w2fmmq3hv9rCrcI7g9hms2pMunQr1JINfcjwR9tAyZqhtyaMN991lF/ZfHfr5tzZQ8c7y7aBgZbjfbd0fjFwQ==
    dependencies:
      tweetnacl "1.x.x"
  
  lru-cache@^6.0.0:
    version "6.0.0"
    resolved "https://registry.yarnpkg.com/lru-cache/-/lru-cache-6.0.0.tgz#6d6fe6570ebd96aaf90fcad1dafa3b2566db3a94"
    integrity sha512-Jo6dJ04CmSjuznwJSS3pUeWmd/H0ffTlkXXgwZi+eq1UCmqQwCh+eLsYOYCwY991i2Fah4h1BEMCx4qThGbsiA==
    dependencies:
      yallist "^4.0.0"
  
  tweetnacl@1.x.x, tweetnacl@^1.0.3:
    version "1.0.3"
    resolved "https://registry.yarnpkg.com/tweetnacl/-/tweetnacl-1.0.3.tgz#ac0af71680458d8a6378d0d0d050ab1407d35596"
    integrity sha512-6rt+RN7aOi1nGMyC4Xa5DdYiukl2UWCbcJft7YhxReBGQD7OAM8Pbxw6YMo4r2diNEA8FEmu32YOn9rhaiE5yw==
  
  yallist@^4.0.0:
    version "4.0.0"
    resolved "https://registry.yarnpkg.com/yallist/-/yallist-4.0.0.tgz#9bb92790d9c0effec63be73519e11a35019a3a72"
    integrity sha512-3wdGidZyq5PB084XLES5TpOSRA3wjXAlIWMhum2kRcv/41Sn2emQ0dycQW4uZXLejwKvg6EsvbdlVL+FYEct7A==
